<?xml version="1.0" encoding="UTF-8"?>
<!-- Generated by org.testng.reporters.JUnitReportReporter -->
<testsuite hostname="WIN-C6M3PA3VFT9" name="org.seleniumqa.lesson1.SimpleNumber" tests="1" failures="0" timestamp="11 Feb 2015 19:11:06 GMT" time="0.004" errors="0">
  <testcase name="isPrimeTest" time="0.004" classname="org.seleniumqa.lesson1.SimpleNumber"/>
</testsuite> <!-- org.seleniumqa.lesson1.SimpleNumber -->
